<?xml version="1.0" encoding="UTF-8"?>
<testsuite xmlns:xsi="http://www.w3.org/2001/XMLSchema-instance" xsi:noNamespaceSchemaLocation="https://maven.apache.org/surefire/maven-surefire-plugin/xsd/surefire-test-report.xsd" name="com.newsoftdemo.AppTest" time="0.021" tests="1" errors="0" skipped="0" failures="0">
  <properties>
    <property name="java.specification.version" value="18"/>
    <property name="sun.cpu.isalist" value="amd64"/>
    <property name="sun.jnu.encoding" value="GBK"/>
    <property name="java.class.path" value="D:\NewSoft\demo\target\test-classes;D:\NewSoft\demo\target\classes;D:\apache-maven-3.8.1\repository\junit\junit\4.11\junit-4.11.jar;D:\apache-maven-3.8.1\repository\org\hamcrest\hamcrest-core\1.3\hamcrest-core-1.3.jar;D:\apache-maven-3.8.1\repository\mysql\mysql-connector-java\8.0.29\mysql-connector-java-8.0.29.jar;D:\apache-maven-3.8.1\repository\com\google\protobuf\protobuf-java\3.19.4\protobuf-java-3.19.4.jar;"/>
    <property name="java.vm.vendor" value="Oracle Corporation"/>
    <property name="sun.arch.data.model" value="64"/>
    <property name="user.variant" value=""/>
    <property name="java.vendor.url" value="https://java.oracle.com/"/>
    <property name="user.timezone" value="Asia/Shanghai"/>
    <property name="os.name" value="Windows 10"/>
    <property name="java.vm.specification.version" value="18"/>
    <property name="sun.java.launcher" value="SUN_STANDARD"/>
    <property name="user.country" value="CN"/>
    <property name="sun.boot.library.path" value="D:\Java\openjdk-18.0.1.1\bin"/>
    <property name="sun.java.command" value="C:\Users\fxg_a\AppData\Local\Temp\surefire11725845889900630648\surefirebooter720284261206356161.jar C:\Users\fxg_a\AppData\Local\Temp\surefire11725845889900630648 2022-07-08T23-42-24_701-jvmRun1 surefire2942845011257968127tmp surefire_06033115957883829992tmp"/>
    <property name="jdk.debug" value="release"/>
    <property name="surefire.test.class.path" value="D:\NewSoft\demo\target\test-classes;D:\NewSoft\demo\target\classes;D:\apache-maven-3.8.1\repository\junit\junit\4.11\junit-4.11.jar;D:\apache-maven-3.8.1\repository\org\hamcrest\hamcrest-core\1.3\hamcrest-core-1.3.jar;D:\apache-maven-3.8.1\repository\mysql\mysql-connector-java\8.0.29\mysql-connector-java-8.0.29.jar;D:\apache-maven-3.8.1\repository\com\google\protobuf\protobuf-java\3.19.4\protobuf-java-3.19.4.jar;"/>
    <property name="sun.cpu.endian" value="little"/>
    <property name="user.home" value="C:\Users\fxg_a"/>
    <property name="user.language" value="zh"/>
    <property name="java.specification.vendor" value="Oracle Corporation"/>
    <property name="java.version.date" value="2022-04-22"/>
    <property name="java.home" value="D:\Java\openjdk-18.0.1.1"/>
    <property name="file.separator" value="\"/>
    <property name="basedir" value="D:\NewSoft\demo"/>
    <property name="java.vm.compressedOopsMode" value="Zero based"/>
    <property name="line.separator" value="&#10;"/>
    <property name="java.vm.specification.vendor" value="Oracle Corporation"/>
    <property name="java.specification.name" value="Java Platform API Specification"/>
    <property name="surefire.real.class.path" value="C:\Users\fxg_a\AppData\Local\Temp\surefire11725845889900630648\surefirebooter720284261206356161.jar"/>
    <property name="user.script" value=""/>
    <property name="sun.management.compiler" value="HotSpot 64-Bit Tiered Compilers"/>
    <property name="java.runtime.version" value="18.0.1.1+2-6"/>
    <property name="user.name" value="fxg_a"/>
    <property name="path.separator" value=";"/>
    <property name="os.version" value="10.0"/>
    <property name="java.runtime.name" value="OpenJDK Runtime Environment"/>
    <property name="file.encoding" value="UTF-8"/>
    <property name="java.vm.name" value="OpenJDK 64-Bit Server VM"/>
    <property name="localRepository" value="D:\apache-maven-3.8.1\repository"/>
    <property name="java.vendor.url.bug" value="https://bugreport.java.com/bugreport/"/>
    <property name="java.io.tmpdir" value="C:\Users\fxg_a\AppData\Local\Temp\"/>
    <property name="idea.version" value="2021.2.3"/>
    <property name="java.version" value="18.0.1.1"/>
    <property name="user.dir" value="D:\NewSoft\demo"/>
    <property name="os.arch" value="amd64"/>
    <property name="java.vm.specification.name" value="Java Virtual Machine Specification"/>
    <property name="sun.os.patch.level" value=""/>
    <property name="native.encoding" value="GBK"/>
    <property name="java.library.path" value="D:\Java\openjdk-18.0.1.1\bin;C:\Windows\Sun\Java\bin;C:\Windows\system32;C:\Windows;D:\Python27\;D:\Python27\Scripts;D:\Python310\Scripts\;D:\Python310\;C:\Python310\Scripts\;C:\Python310\;C:\Program Files\Common Files\Oracle\Java\javapath;C:\Program Files (x86)\Common Files\Oracle\Java\javapath;C:\Program Files\Microsoft\jdk-11.0.12.7-hotspot\bin;C:\Program Files (x86)\VMware\VMware Workstation\bin\;C:\Windows\system32;C:\Windows;C:\Windows\System32\Wbem;C:\Windows\System32\WindowsPowerShell\v1.0\;C:\Windows\System32\OpenSSH\;C:\Program Files (x86)\NVIDIA Corporation\PhysX\Common;C:\Program Files\NVIDIA Corporation\NVIDIA NvDLISR;C:\Program Files\Microsoft SQL Server\150\Tools\Binn\;C:\Program Files\Microsoft SQL Server\Client SDK\ODBC\170\Tools\Binn\;C:\Program Files (x86)\Microsoft SQL Server\150\DTS\Binn\;C:\Program Files\Azure Data Studio\bin;D:\mysql\bin;C:\Program Files\TortoiseSVN\bin;D:\apache-maven-3.8.1\bin;D:\Program Files\PuTTY\;C:\Program Files (x86)\Microsoft SQL Server\150\Tools\Binn\;C:\Program Files\Microsoft SQL Server\150\DTS\Binn\;D:\Program Files\nodejs\;C:\ProgramData\chocolatey\bin;C:\Program Files\dotnet\;d:\Program Files\WinMerge;C:\Program Files (x86)\IncrediBuild;D:\Program Files\Go\bin;D:\Program Files\GitHub CLI\;d:\Program Files\Git\cmd;D:\Program Files (x86)\EasyShare\x86\;D:\Program Files (x86)\EasyShare\x64\;C:\Users\fxg_a\AppData\Local\Microsoft\WindowsApps;C:\Users\fxg_a\.dotnet\tools;C:\Program Files\Azure Data Studio\bin;d:\JetBrains\IntelliJ IDEA 2021.2.3\bin;;d:\Programs\Microsoft VS Code\bin;C:\Users\fxg_a\AppData\Roaming\npm;d:\Program Files\JetBrains\PyCharm 2021.2.3\bin;;d:\Program Files\JetBrains\GoLand 2021.2.3\bin;;C:\Users\fxg_a\go\bin;d:\Program Files\JetBrains\WebStorm 2021.2.3\bin;;."/>
    <property name="java.vm.info" value="mixed mode, sharing"/>
    <property name="java.vendor" value="Oracle Corporation"/>
    <property name="java.vm.version" value="18.0.1.1+2-6"/>
    <property name="sun.io.unicode.encoding" value="UnicodeLittle"/>
    <property name="maven.repo.local" value="D:\apache-maven-3.8.1\repository"/>
    <property name="java.class.version" value="62.0"/>
  </properties>
  <testcase name="shouldAnswerWithTrue" classname="com.newsoftdemo.AppTest" time="0.002"/>
</testsuite>